INFO:root:data file set to :: ..\data\data.in
INFO:root:output file set to :: ..\output\result.txt
INFO:root:0 [INVALID] -  format not valid = [Noah,Moench,123123121,232 695 2394,yellow]
INFO:root:1 [VALID] - [Ria Tillotson,aqua marine,97671,196 910 5548]
INFO:root:2 [VALID] - [Annalee,Loftis,97296,905 329 2054,blue]
INFO:root:3 [VALID] - [James Johnston,gray,38410,628 102 3672]
INFO:root:4 [VALID] - [Liptak,Quinton,(653)-889-7235,yellow,70703]
INFO:root:5 [INVALID] -  format not valid = [0.547777482345]
INFO:root:6 [VALID] - [George Won,aqua marine,97148,488 084 5794]
INFO:root:7 [INVALID] -  format not valid = [McGrath,Luke,(555)-11111-11111111,gray,70646]
INFO:root:8 [VALID] - [Gladis,Tubb,73149,454 934 6454,pink]
INFO:root:9 [VALID] - [Aura,Eilers,39358,489 634 9504,pink]
INFO:root:10 [VALID] - [Clary,Blair,(463)-118-2451,red,07256]
INFO:root:11 [VALID] - [Hood,Robert,(054)-813-6030,pink,47784]
INFO:root:12 [VALID] - [Breland,Laurie,(087)-853-4995,aqua marine,44359]
INFO:root:13 [INVALID] -  format not valid = [Englebert G. Humperdink,red,36410,839 014 8051]
INFO:root:14 [VALID] - [Dhillon,Beata,(843)-661-4252,pink,90022]
INFO:root:15 [INVALID] -  format not valid = [Natashia Gustavson,yellow,123123121,920 018 5207]
INFO:root:16 [INVALID] -  format not valid = [Pardini,Mack,(555)-11111-11111111,blue,17058]
INFO:root:17 [VALID] - [Leedy,Magan,(896)-391-7308,blue,48680]
INFO:root:18 [VALID] - [Shanika,Dodd,82733,940 761 0886,pink]
INFO:root:19 [VALID] - [Hung,Moxley,93381,667 132 9000,pink]
INFO:root:20 [VALID] - [Patnaude,Andy,(612)-712-8471,aqua marine,29198]
INFO:root:21 [VALID] - [Maurita Awong,blue,15726,061 937 1243]
INFO:root:22 [VALID] - [Marita Haugland,red,21231,034 614 7966]
INFO:root:23 [VALID] - [Swearingen,Kristeen,(238)-440-6451,blue,60460]
INFO:root:24 [VALID] - [Saltsman,Sabina,(577)-767-9995,blue,81360]
INFO:root:25 [VALID] - [Davis,Armand,(240)-736-4719,yellow,64320]
INFO:root:26 [VALID] - [Kerri,Chandler,32868,818 246 5061,red]
INFO:root:27 [VALID] - [Shela Mona,pink,11198,986 283 6066]
INFO:root:28 [VALID] - [Prince Gabler,gray,08291,645 200 7094]
INFO:root:29 [INVALID] -  format not valid = [Julian,Fanning,82820,555 11111 11111111,red]
INFO:root:30 [VALID] - [Earlene Merryman,blue,86258,305 987 8362]
INFO:root:31 [VALID] - [Theodora Whipkey,red,54450,808 633 1734]
INFO:root:32 [VALID] - [Butterfield,Kelsi,(967)-196-4953,yellow,05644]
INFO:root:33 [VALID] - [Mccaster,Fatimah,(854)-345-7518,gray,57693]
INFO:root:34 [VALID] - [Mirian,Hankey,22172,180 739 1295,aqua marine]
INFO:root:35 [VALID] - [Reinaldo,Vandermeer,76589,751 665 5618,gray]
INFO:root:36 [VALID] - [Theo Parrish,green,60128,423 334 3136]
INFO:root:37 [INVALID] -  format not valid = [0.429926275625]
INFO:root:38 [INVALID] -  format not valid = [Nurse,Corliss,(555)-11111-11111111,red,47185]
INFO:root:39 [VALID] - [Mazie,Chavis,48843,218 097 2208,gray]
INFO:root:40 [VALID] - [Demming,Kent,(622)-720-0550,red,37820]
INFO:root:41 [INVALID] -  format not valid = [0.449778662506]
INFO:root:42 [VALID] - [Len Pollack,aqua marine,29868,642 573 6473]
INFO:root:43 [INVALID] -  format not valid = [Dawn,Osvaldo,(555)-11111-11111111,pink,81087]
INFO:root:44 [INVALID] -  format not valid = [0.513220696303]
INFO:root:45 [INVALID] -  format not valid = [Jay,Nathaniel,(555)-11111-11111111,red,16398]
INFO:root:46 [VALID] - [Ferro,Myrtice,(568)-821-3874,green,95836]
INFO:root:47 [INVALID] -  format not valid = [Cordova,Ken,(555)-11111-11111111,blue,123123121]
INFO:root:48 [INVALID] -  format not valid = [Manuel Canipe,blue,16018,555 11111 11111111]
INFO:root:49 [INVALID] -  format not valid = [Mcclusky,Isabell,(676)-545-7599,pink,123123121]
INFO:root:50 [VALID] - [Margarete Stickle,aqua marine,92493,805 612 0845]
INFO:root:51 [VALID] - [Cadena,Clarinda,(666)-621-7485,red,09517]
INFO:root:52 [VALID] - [Bernie Mallette,pink,17300,859 924 2843]
INFO:root:53 [VALID] - [Ballentine,Hyo,(182)-424-5300,blue,21351]
INFO:root:54 [VALID] - [Azzie,Zabriskie,94339,110 574 1904,green]
INFO:root:55 [VALID] - [Jacques Renault,yellow,00328,157 348 8325]
INFO:root:56 [INVALID] -  format not valid = [0.261329218422]
INFO:root:57 [INVALID] -  format not valid = [Marin Munden,aqua marine,82431,555 11111 11111111]
INFO:root:58 [VALID] - [Magaly,Gregor,86286,698 513 7428,blue]
INFO:root:59 [VALID] - [Schuetz,France,(732)-729-4104,pink,09893]
INFO:root:60 [VALID] - [Darline,Barbeau,11027,260 619 7450,blue]
INFO:root:61 [VALID] - [Darcie,Phoenix,55806,854 910 7619,pink]
INFO:root:62 [INVALID] -  format not valid = [Rachele,Maze,123123121,041 740 9337,aqua marine]
INFO:root:63 [VALID] - [Miller,Justin,(657)-743-7189,blue,58979]
